VersionMismatch: {
  "status": 409,
  "statusText": "Conflict",
  "message": "",
  "details": {},
  "request": {
    "url": "https://api.contentful.com/spaces/jvjcuv08qo93/environments/feature-1/entries/jims-legendary-coffee-mug",
    "headers": {
      "Accept": "application/json, text/plain, */*",
      "Content-Type": "application/vnd.contentful.management.v1+json",
      "X-Contentful-User-Agent": "app contentful.cli/3.3.8; feature space-migration; sdk contentful-management-plain.js/11.33.0; platform node.js/v21.6.1; os macOS/v21.6.1;",
      "CF-Sequence": "7acb8554-91db-4be6-a55f-325e54c77e32",
      "Authorization": "Bearer ...rrBYw",
      "X-Contentful-Version": "0",
      "X-Contentful-Content-Type": "mediaWrapper",
      "User-Agent": "axios/1.7.5",
      "Content-Length": "149",
      "Accept-Encoding": "gzip, compress, deflate, br"
    },
    "method": "put",
    "payloadData": "{\"sys\":{\"id\":\"jims-legendary-coffee-mug\",\"version\":0,\"contentType\":{\"sys\":{\"type\":\"Link\",\"linkType\":\"ContentType\",\"id\":\"mediaWrapper\"}}},\"fields\":{}}"
  },
  "requestId": "b64e2fc3-121a-4df7-b291-6b198544d02d"
}
    at errorHandler (/Users/Bastian.Gurtner/.nvm/versions/node/v21.6.1/lib/node_modules/contentful-cli/node_modules/contentful-management/dist/contentful-management.node.js:18111:15)
    at process.processTicksAndRejections (node:internal/process/task_queues:95:5)
    at async RestAdapter.makeRequest (/Users/Bastian.Gurtner/.nvm/versions/node/v21.6.1/lib/node_modules/contentful-cli/node_modules/contentful-management/dist/contentful-management.node.js:4345:12)
    at async Task.task (/Users/Bastian.Gurtner/.nvm/versions/node/v21.6.1/lib/node_modules/contentful-cli/node_modules/contentful-migration/built/bin/cli.js:189:29)
    at async Task.run (/Users/Bastian.Gurtner/.nvm/versions/node/v21.6.1/lib/node_modules/contentful-cli/node_modules/listr2/dist/lib/task.js:213:21)
    at async /Users/Bastian.Gurtner/.nvm/versions/node/v21.6.1/lib/node_modules/contentful-cli/node_modules/listr2/node_modules/p-map/index.js:57:22VersionMismatch: {
  "status": 409,
  "statusText": "Conflict",
  "message": "",
  "details": {},
  "request": {
    "url": "https://api.contentful.com/spaces/jvjcuv08qo93/environments/feature-1/entries/jims-legendary-coffee-mug/published",
    "headers": {
      "Accept": "application/json, text/plain, */*",
      "Content-Type": "application/vnd.contentful.management.v1+json",
      "X-Contentful-User-Agent": "app contentful.cli/3.3.8; feature space-migration; sdk contentful-management-plain.js/11.33.0; platform node.js/v21.6.1; os macOS/v21.6.1;",
      "CF-Sequence": "7acb8554-91db-4be6-a55f-325e54c77e32",
      "Authorization": "Bearer ...rrBYw",
      "X-Contentful-Version": "1",
      "X-Contentful-Content-Type": "mediaWrapper",
      "User-Agent": "axios/1.7.5",
      "Accept-Encoding": "gzip, compress, deflate, br"
    },
    "method": "put"
  },
  "requestId": "62641494-0bb6-452c-9cd2-c8ee0d63803c"
}
    at errorHandler (/Users/Bastian.Gurtner/.nvm/versions/node/v21.6.1/lib/node_modules/contentful-cli/node_modules/contentful-management/dist/contentful-management.node.js:18111:15)
    at process.processTicksAndRejections (node:internal/process/task_queues:95:5)
    at async RestAdapter.makeRequest (/Users/Bastian.Gurtner/.nvm/versions/node/v21.6.1/lib/node_modules/contentful-cli/node_modules/contentful-management/dist/contentful-management.node.js:4345:12)
    at async Task.task (/Users/Bastian.Gurtner/.nvm/versions/node/v21.6.1/lib/node_modules/contentful-cli/node_modules/contentful-migration/built/bin/cli.js:189:29)
    at async Task.run (/Users/Bastian.Gurtner/.nvm/versions/node/v21.6.1/lib/node_modules/contentful-cli/node_modules/listr2/dist/lib/task.js:213:21)
    at async /Users/Bastian.Gurtner/.nvm/versions/node/v21.6.1/lib/node_modules/contentful-cli/node_modules/listr2/node_modules/p-map/index.js:57:22VersionMismatch: {
  "status": 409,
  "statusText": "Conflict",
  "message": "",
  "details": {},
  "request": {
    "url": "https://api.contentful.com/spaces/jvjcuv08qo93/environments/feature-1/entries/amelias-core-concept-hoodie",
    "headers": {
      "Accept": "application/json, text/plain, */*",
      "Content-Type": "application/vnd.contentful.management.v1+json",
      "X-Contentful-User-Agent": "app contentful.cli/3.3.8; feature space-migration; sdk contentful-management-plain.js/11.33.0; platform node.js/v21.6.1; os macOS/v21.6.1;",
      "CF-Sequence": "7acb8554-91db-4be6-a55f-325e54c77e32",
      "Authorization": "Bearer ...rrBYw",
      "X-Contentful-Version": "0",
      "X-Contentful-Content-Type": "mediaWrapper",
      "User-Agent": "axios/1.7.5",
      "Content-Length": "151",
      "Accept-Encoding": "gzip, compress, deflate, br"
    },
    "method": "put",
    "payloadData": "{\"sys\":{\"id\":\"amelias-core-concept-hoodie\",\"version\":0,\"contentType\":{\"sys\":{\"type\":\"Link\",\"linkType\":\"ContentType\",\"id\":\"mediaWrapper\"}}},\"fields\":{}}"
  },
  "requestId": "79698441-c1d8-48bb-9ccb-b362de6bd2f6"
}
    at errorHandler (/Users/Bastian.Gurtner/.nvm/versions/node/v21.6.1/lib/node_modules/contentful-cli/node_modules/contentful-management/dist/contentful-management.node.js:18111:15)
    at process.processTicksAndRejections (node:internal/process/task_queues:95:5)
    at async RestAdapter.makeRequest (/Users/Bastian.Gurtner/.nvm/versions/node/v21.6.1/lib/node_modules/contentful-cli/node_modules/contentful-management/dist/contentful-management.node.js:4345:12)
    at async Task.task (/Users/Bastian.Gurtner/.nvm/versions/node/v21.6.1/lib/node_modules/contentful-cli/node_modules/contentful-migration/built/bin/cli.js:189:29)
    at async Task.run (/Users/Bastian.Gurtner/.nvm/versions/node/v21.6.1/lib/node_modules/contentful-cli/node_modules/listr2/dist/lib/task.js:213:21)
    at async /Users/Bastian.Gurtner/.nvm/versions/node/v21.6.1/lib/node_modules/contentful-cli/node_modules/listr2/node_modules/p-map/index.js:57:22VersionMismatch: {
  "status": 409,
  "statusText": "Conflict",
  "message": "",
  "details": {},
  "request": {
    "url": "https://api.contentful.com/spaces/jvjcuv08qo93/environments/feature-1/entries/amelias-core-concept-hoodie/published",
    "headers": {
      "Accept": "application/json, text/plain, */*",
      "Content-Type": "application/vnd.contentful.management.v1+json",
      "X-Contentful-User-Agent": "app contentful.cli/3.3.8; feature space-migration; sdk contentful-management-plain.js/11.33.0; platform node.js/v21.6.1; os macOS/v21.6.1;",
      "CF-Sequence": "7acb8554-91db-4be6-a55f-325e54c77e32",
      "Authorization": "Bearer ...rrBYw",
      "X-Contentful-Version": "1",
      "X-Contentful-Content-Type": "mediaWrapper",
      "User-Agent": "axios/1.7.5",
      "Accept-Encoding": "gzip, compress, deflate, br"
    },
    "method": "put"
  },
  "requestId": "379a6a6f-ca74-4f8e-aed1-12d497f9b770"
}
    at errorHandler (/Users/Bastian.Gurtner/.nvm/versions/node/v21.6.1/lib/node_modules/contentful-cli/node_modules/contentful-management/dist/contentful-management.node.js:18111:15)
    at process.processTicksAndRejections (node:internal/process/task_queues:95:5)
    at async RestAdapter.makeRequest (/Users/Bastian.Gurtner/.nvm/versions/node/v21.6.1/lib/node_modules/contentful-cli/node_modules/contentful-management/dist/contentful-management.node.js:4345:12)
    at async Task.task (/Users/Bastian.Gurtner/.nvm/versions/node/v21.6.1/lib/node_modules/contentful-cli/node_modules/contentful-migration/built/bin/cli.js:189:29)
    at async Task.run (/Users/Bastian.Gurtner/.nvm/versions/node/v21.6.1/lib/node_modules/contentful-cli/node_modules/listr2/dist/lib/task.js:213:21)
    at async /Users/Bastian.Gurtner/.nvm/versions/node/v21.6.1/lib/node_modules/contentful-cli/node_modules/listr2/node_modules/p-map/index.js:57:22